Flow report for ARM_System
Fri Dec 23 22:03:36 2022
Quartus II Version 9.1 Build 350 03/24/2010 Service Pack 2 SJ Web Edition


---------------------
; Table of Contents ;
---------------------
  1. Legal Notice
  2. Flow Summary
  3. Flow Settings
  4. Flow Non-Default Global Settings
  5. Flow Elapsed Time
  6. Flow OS Summary
  7. Flow Log



----------------
; Legal Notice ;
----------------
Copyright (C) 1991-2010 Altera Corporation
Your use of Altera Corporation's design tools, logic functions 
and other software and tools, and its AMPP partner logic 
functions, and any output files from any of the foregoing 
(including device programming or simulation files), and any 
associated documentation or information are expressly subject 
to the terms and conditions of the Altera Program License 
Subscription Agreement, Altera MegaCore Function License 
Agreement, or other applicable license agreement, including, 
without limitation, that your use is for the sole purpose of 
programming logic devices manufactured by Altera and sold by 
Altera or its authorized distributors.  Please refer to the 
applicable agreement for further details.



+-----------------------------------------------------------------------------------+
; Flow Summary                                                                      ;
+------------------------------------+----------------------------------------------+
; Flow Status                        ; Successful - Fri Dec 23 22:03:35 2022        ;
; Quartus II Version                 ; 9.1 Build 350 03/24/2010 SP 2 SJ Web Edition ;
; Revision Name                      ; ARM_System                                   ;
; Top-level Entity Name              ; ARM_System                                   ;
; Family                             ; Cyclone IV E                                 ;
; Device                             ; EP4CE115F29C7                                ;
; Timing Models                      ; Preliminary                                  ;
; Met timing requirements            ; N/A                                          ;
; Total logic elements               ; 2,048 / 114,480 ( 2 % )                      ;
;     Total combinational functions  ; 1,985 / 114,480 ( 2 % )                      ;
;     Dedicated logic registers      ; 1,135 / 114,480 ( < 1 % )                    ;
; Total registers                    ; 1135                                         ;
; Total pins                         ; 108 / 529 ( 20 % )                           ;
; Total virtual pins                 ; 0                                            ;
; Total memory bits                  ; 65,536 / 3,981,312 ( 2 % )                   ;
; Embedded Multiplier 9-bit elements ; 0 / 532 ( 0 % )                              ;
; Total PLLs                         ; 1 / 4 ( 25 % )                               ;
+------------------------------------+----------------------------------------------+


+-----------------------------------------+
; Flow Settings                           ;
+-------------------+---------------------+
; Option            ; Setting             ;
+-------------------+---------------------+
; Start date & time ; 12/23/2022 22:02:54 ;
; Main task         ; Compilation         ;
; Revision Name     ; ARM_System          ;
+-------------------+---------------------+


+--------------------------------------------------------------------------------------------------------------------------------------------------------------------------------------------------------+
; Flow Non-Default Global Settings                                                                                                                                                                       ;
+-------------------------------------+-------------------------------------------------------------------------------------------------------------------+---------------+-------------+----------------+
; Assignment Name                     ; Value                                                                                                             ; Default Value ; Entity Name ; Section Id     ;
+-------------------------------------+-------------------------------------------------------------------------------------------------------------------+---------------+-------------+----------------+
; COMPILER_SIGNATURE_ID               ; 53447176934192.167180057321640                                                                                    ; --            ; --          ; --             ;
; IP_TOOL_NAME                        ; RAM: 2-PORT                                                                                                       ; --            ; --          ; --             ;
; IP_TOOL_VERSION                     ; 9.1                                                                                                               ; --            ; --          ; --             ;
; MAX_CORE_JUNCTION_TEMP              ; 85                                                                                                                ; --            ; --          ; --             ;
; MIN_CORE_JUNCTION_TEMP              ; 0                                                                                                                 ; --            ; --          ; --             ;
; MISC_FILE                           ; C:/Users/leeyo/Desktop/204/ARM single cycle/ARMprocessor_singlecycle_204 (2)/ARM_System_Syn/ARM_System.dpf        ; --            ; --          ; --             ;
; MISC_FILE                           ; C:/Users/Admin/Documents/KKM/coursework/컴퓨터구조18-2/ARMprocessor_singlecycle_204/ARM_System_Syn/ARM_System.dpf ; --            ; --          ; --             ;
; MISC_FILE                           ; ../ARM_System/Alera_Mem_Dual_Port/ram2port_inst_data.bsf                                                          ; --            ; --          ; --             ;
; MISC_FILE                           ; ../ARM_System/Alera_Mem_Dual_Port/ram2port_inst_data_inst.v                                                       ; --            ; --          ; --             ;
; MISC_FILE                           ; ../ARM_System/Alera_Mem_Dual_Port/ram2port_inst_data_bb.v                                                         ; --            ; --          ; --             ;
; MISC_FILE                           ; ../ARM_System/Alera_Mem_Dual_Port/ram2port_inst_data.inc                                                          ; --            ; --          ; --             ;
; MISC_FILE                           ; ../ARM_System/Alera_Mem_Dual_Port/ram2port_inst_data.cmp                                                          ; --            ; --          ; --             ;
; MISC_FILE                           ; D:/Dropbox/연구실/컴퓨터구조 조교(2018-2)/CA_2nd_project/ARM_System_Syn/ARM_System.dpf                            ; --            ; --          ; --             ;
; MISC_FILE                           ; C:/Users/86139/Desktop/CA2_TermProject_for_FPGA/ARM_System_Syn/ARM_System.dpf                                     ; --            ; --          ; --             ;
; NOMINAL_CORE_SUPPLY_VOLTAGE         ; 1.2V                                                                                                              ; --            ; --          ; --             ;
; PARTITION_COLOR                     ; 16764057                                                                                                          ; --            ; --          ; Top            ;
; PARTITION_FITTER_PRESERVATION_LEVEL ; PLACEMENT_AND_ROUTING                                                                                             ; --            ; --          ; Top            ;
; PARTITION_NETLIST_TYPE              ; SOURCE                                                                                                            ; --            ; --          ; Top            ;
; USE_GENERATED_PHYSICAL_CONSTRAINTS  ; Off                                                                                                               ; --            ; --          ; eda_blast_fpga ;
+-------------------------------------+-------------------------------------------------------------------------------------------------------------------+---------------+-------------+----------------+


+-------------------------------------------------------------------------------------------------------------------------------+
; Flow Elapsed Time                                                                                                             ;
+---------------------------+--------------+-------------------------+---------------------+------------------------------------+
; Module Name               ; Elapsed Time ; Average Processors Used ; Peak Virtual Memory ; Total CPU Time (on all processors) ;
+---------------------------+--------------+-------------------------+---------------------+------------------------------------+
; Analysis & Synthesis      ; 00:00:11     ; 1.0                     ; 245 MB              ; 00:00:12                           ;
; Fitter                    ; 00:00:20     ; 1.0                     ; 417 MB              ; 00:00:21                           ;
; TimeQuest Timing Analyzer ; 00:00:06     ; 1.0                     ; 324 MB              ; 00:00:06                           ;
; Assembler                 ; 00:00:06     ; 1.0                     ; 452 MB              ; 00:00:06                           ;
; Total                     ; 00:00:37     ; --                      ; --                  ; 00:00:39                           ;
+---------------------------+--------------+-------------------------+---------------------+------------------------------------+


+--------------------------------------------------------------------------------------------+
; Flow OS Summary                                                                            ;
+---------------------------+------------------+---------------+------------+----------------+
; Module Name               ; Machine Hostname ; OS Name       ; OS Version ; Processor type ;
+---------------------------+------------------+---------------+------------+----------------+
; Analysis & Synthesis      ; MSI              ; Windows Vista ; 6.2        ; x86_64         ;
; Fitter                    ; MSI              ; Windows Vista ; 6.2        ; x86_64         ;
; Assembler                 ; MSI              ; Windows Vista ; 6.2        ; x86_64         ;
; TimeQuest Timing Analyzer ; MSI              ; Windows Vista ; 6.2        ; x86_64         ;
+---------------------------+------------------+---------------+------------+----------------+


------------
; Flow Log ;
------------
quartus_map --read_settings_files=on --write_settings_files=off ARM_System -c ARM_System
quartus_fit --read_settings_files=off --write_settings_files=off ARM_System -c ARM_System
quartus_asm --read_settings_files=off --write_settings_files=off ARM_System -c ARM_System
quartus_sta ARM_System -c ARM_System



